c:\projects\royalwing's updater\projectfiles\rwgui\rwgui.obj
c:\projects\royalwing's updater\projectfiles\rwgui\rwd2d.obj
c:\projects\royalwing's updater\projectfiles\rwgui\elements.obj
c:\projects\royalwing's updater\projectfiles\temp\rwgui\vc140.pdb
c:\projects\royalwing's updater\projectfiles\temp\rwgui\vc140.idb
c:\projects\royalwing's updater\projectfiles\temp\rwgui\elements.obj
c:\projects\royalwing's updater\projectfiles\temp\rwgui\rwd2d.obj
c:\projects\royalwing's updater\projectfiles\temp\rwgui\rwgui.obj
c:\projects\royalwing's updater\projectfiles\temp\rwgui\button.obj
c:\projects\royalwing's updater\projectfiles\temp\rwgui\background.obj
c:\projects\royalwing's updater\projectfiles\temp\rwgui\border.obj
c:\projects\royalwing's updater\projectfiles\temp\rwgui\header.obj
c:\projects\royalwing's updater\projectfiles\temp\rwgui\drawable.obj
c:\projects\royalwing's updater\projectfiles\temp\rwgui\applicationpage.obj
c:\projects\royalwing's updater\projectfiles\temp\rwgui\basepage.obj
c:\projects\royalwing's updater\projectfiles\temp\rwgui\resourcemanager.obj
c:\projects\royalwing_github_io\gui\rwgui_x64.dll
c:\projects\royalwing's updater\binaries\rwgui_win32.ilk
c:\projects\royalwing's updater\binaries\rwgui_win32.dll
c:\projects\royalwing's updater\binaries\rwgui_win32.pdb
c:\projects\royalwing's updater\binaries\rwgui_x86.ilk
c:\projects\royalwing's updater\binaries\rwgui_x86.dll
c:\projects\royalwing's updater\binaries\rwgui_x86.pdb
c:\projects\royalwing's updater\binaries\rwgui_x64.ilk
c:\projects\royalwing's updater\binaries\rwgui_x64.dll
c:\projects\royalwing's updater\binaries\rwgui_x64.pdb
c:\projects\royalwing_github_io\gui\rwgui_x64.lib
c:\projects\royalwing_github_io\gui\rwgui_x64.exp
c:\projects\royalwing's updater\binaries\rwgui_win32.lib
c:\projects\royalwing's updater\binaries\rwgui_win32.exp
c:\projects\royalwing's updater\binaries\rwgui_x86.lib
c:\projects\royalwing's updater\binaries\rwgui_x86.exp
c:\projects\royalwing's updater\binaries\rwgui_x64.lib
c:\projects\royalwing's updater\binaries\rwgui_x64.exp
c:\projects\royalwing's updater\projectfiles\temp\rwgui\rwgui.tlog\cl.command.1.tlog
c:\projects\royalwing's updater\projectfiles\temp\rwgui\rwgui.tlog\cl.read.1.tlog
c:\projects\royalwing's updater\projectfiles\temp\rwgui\rwgui.tlog\cl.write.1.tlog
c:\projects\royalwing's updater\projectfiles\temp\rwgui\rwgui.tlog\link.command.1.tlog
c:\projects\royalwing's updater\projectfiles\temp\rwgui\rwgui.tlog\link.read.1.tlog
c:\projects\royalwing's updater\projectfiles\temp\rwgui\rwgui.tlog\link.write.1.tlog
c:\projects\royalwing's updater\projectfiles\temp\rwgui\rwgui.tlog\rwgui.write.1u.tlog
