c:\projects\royalwing's updater\projectfiles\temp\rwupd\vc140.pdb
c:\projects\royalwing's updater\projectfiles\temp\rwupd\sha256.obj
c:\projects\royalwing's updater\projectfiles\temp\rwupd\rwupd.obj
c:\projects\royalwing's updater\projectfiles\temp\rwupd\json.obj
c:\projects\royalwing's updater\projectfiles\temp\rwupd\vc140.idb
c:\projects\royalwing's updater\binaries\rwupd_x64.ilk
c:\projects\royalwing's updater\binaries\rwupd_x64.dll
c:\projects\royalwing's updater\binaries\rwupd_x64.pdb
c:\projects\royalwing's updater\binaries\rwupd_x64.lib
c:\projects\royalwing's updater\binaries\rwupd_x64.exp
c:\projects\royalwing's updater\binaries\rwupd_win32.lib
c:\projects\royalwing's updater\binaries\rwupd_win32.exp
c:\projects\royalwing's updater\binaries\rwupd_x86.lib
c:\projects\royalwing's updater\binaries\rwupd_x86.exp
c:\projects\royalwing's updater\projectfiles\temp\rwupd\rwupd.tlog\cl.command.1.tlog
c:\projects\royalwing's updater\projectfiles\temp\rwupd\rwupd.tlog\cl.read.1.tlog
c:\projects\royalwing's updater\projectfiles\temp\rwupd\rwupd.tlog\cl.write.1.tlog
c:\projects\royalwing's updater\projectfiles\temp\rwupd\rwupd.tlog\link.command.1.tlog
c:\projects\royalwing's updater\projectfiles\temp\rwupd\rwupd.tlog\link.delete.1.tlog
c:\projects\royalwing's updater\projectfiles\temp\rwupd\rwupd.tlog\link.read.1.tlog
c:\projects\royalwing's updater\projectfiles\temp\rwupd\rwupd.tlog\link.write.1.tlog
c:\projects\royalwing's updater\projectfiles\temp\rwupd\rwupd.tlog\rwupd.write.1u.tlog
